Command "daemon" is deprecated, and will be removed in Docker 1.16. Please run `dockerd` directly.
time="2019-02-03T07:19:35.977133744Z" level=warning msg="[!] DON'T BIND ON ANY IP ADDRESS WITHOUT setting -tlsverify IF YOU DON'T KNOW WHAT YOU'RE DOING [!]" 
time="2019-02-03T07:19:35.977503899Z" level=warning msg="could not change group /var/run/docker.sock to docker: group docker not found" 
time="2019-02-03T07:19:35.978246099Z" level=info msg="libcontainerd: new containerd process, pid: 32772" 
time="2019-02-03T07:19:37.084259060Z" level=info msg="Graph migration to content-addressability took 0.00 seconds" 
time="2019-02-03T07:19:37.084929591Z" level=info msg="Loading containers: start." 
time="2019-02-03T07:19:37.157324599Z" level=info msg="Firewalld running: false" 
time="2019-02-03T07:19:37.286367378Z" level=info msg="Default bridge (docker0) is assigned with an IP address 172.17.0.0/16. Daemon option --bip can be used to set a preferred IP address" 
time="2019-02-03T07:19:37.359440367Z" level=info msg="Loading containers: done." 
time="2019-02-03T07:19:37.371303452Z" level=warning msg="failed to retrieve docker-runc version: exec: \"docker-runc\": executable file not found in $PATH" 
time="2019-02-03T07:19:37.371370484Z" level=warning msg="failed to retrieve docker-init version" 
time="2019-02-03T07:19:37.371652402Z" level=info msg="Daemon has completed initialization" 
time="2019-02-03T07:19:37.371681952Z" level=info msg="Docker daemon" commit="07f3374/1.13.1" graphdriver=overlay2 version=1.13.1 
time="2019-02-03T07:19:37.387489441Z" level=info msg="API listen on [::]:2375" 
time="2019-02-03T07:19:37.387447411Z" level=info msg="API listen on /var/run/docker.sock" 
time="2019-02-03T07:19:54.477212915Z" level=warning msg="failed to retrieve docker-runc version: exec: \"docker-runc\": executable file not found in $PATH" 
time="2019-02-03T07:19:54.477287972Z" level=warning msg="failed to retrieve docker-init version" 
time="2019-02-03T07:20:15.001825460Z" level=error msg="Handler for GET /v1.22/networks/elasticdocker_docker_elastic returned error: network elasticdocker_docker_elastic not found" 
time="2019-02-03T07:20:15.033047747Z" level=error msg="Handler for DELETE /v1.22/networks/elastic-docker_docker_elastic returned error: network elastic-docker_docker_elastic not found" 
time="2019-02-03T07:20:15.663328461Z" level=error msg="Handler for GET /v1.22/networks/elasticdocker_docker_elastic returned error: network elasticdocker_docker_elastic not found" 
time="2019-02-03T07:20:15.669913477Z" level=warning msg="failed to retrieve docker-runc version: exec: \"docker-runc\": executable file not found in $PATH" 
time="2019-02-03T07:20:15.669965160Z" level=warning msg="failed to retrieve docker-init version" 
time="2019-02-03T07:20:15.674512410Z" level=error msg="Handler for GET /v1.22/networks/elastic-docker_docker_elastic returned error: network elastic-docker_docker_elastic not found" 
time="2019-02-03T07:20:15.780330602Z" level=error msg="Handler for GET /v1.22/images/elasticsearch:5.6.4/json returned error: No such image: elasticsearch:5.6.4" 
time="2019-02-03T07:24:31.557963098Z" level=error msg="Handler for GET /v1.22/images/kibana:5.6.4/json returned error: No such image: kibana:5.6.4" 
time="2019-02-03T07:27:55.027543561Z" level=warning msg="Failed to allocate and map port 5601-5601: exec: \"docker-proxy\": executable file not found in $PATH" 
time="2019-02-03T07:27:55.033325688Z" level=warning msg="Failed to allocate and map port 9200-9200: exec: \"docker-proxy\": executable file not found in $PATH" 
time="2019-02-03T07:27:55.153914060Z" level=error msg="Handler for POST /v1.22/containers/e7008ba84f944e22374e7322929d31197705889e561e7b1f417b18f2ddee8216/start returned error: driver failed programming external connectivity on endpoint elastic-docker_elasticsearch_1 (3b258bdc68a0c2b17caeba64a88e860136ec8e25ece6b6647bd878619ae09f80): exec: \"docker-proxy\": executable file not found in $PATH" 
time="2019-02-03T07:27:55.182900946Z" level=error msg="Handler for POST /v1.22/containers/dc2a8a90b77656751604614e0427c511bf7020a8d4d82c0403a18b96a0dbc14b/start returned error: driver failed programming external connectivity on endpoint elastic-docker_kibana_1 (29a3452a64d2239f952a32541310517aca227f3ee36c621a5573f3a6419c1886): exec: \"docker-proxy\": executable file not found in $PATH" 
time="2019-02-03T07:43:01.094643705Z" level=info msg="Got signal to reload configuration, reloading from: /etc/docker/daemon.json" 
time="2019-02-03T07:43:01.098033820Z" level=warning msg="failed to retrieve docker-runc version: exec: \"docker-runc\": executable file not found in $PATH" 
time="2019-02-03T07:43:01.098088202Z" level=warning msg="failed to retrieve docker-init version" 
time="2019-02-03T07:43:01.098147216Z" level=info msg="Got signal to reload configuration, reloading from: /etc/docker/daemon.json" 
time="2019-02-03T07:43:01.101013307Z" level=warning msg="failed to retrieve docker-runc version: exec: \"docker-runc\": executable file not found in $PATH" 
time="2019-02-03T07:43:01.101066505Z" level=warning msg="failed to retrieve docker-init version" 
time="2019-02-03T10:18:54.574065323Z" level=error msg="Handler for GET /v1.22/networks/elasticdocker_docker_elastic returned error: network elasticdocker_docker_elastic not found" 
time="2019-02-03T10:18:55.459183918Z" level=error msg="Handler for GET /v1.22/networks/elasticdocker_docker_elastic returned error: network elasticdocker_docker_elastic not found" 
time="2019-02-03T10:18:55.466824717Z" level=warning msg="failed to retrieve docker-runc version: exec: \"docker-runc\": executable file not found in $PATH" 
time="2019-02-03T10:18:55.466893217Z" level=warning msg="failed to retrieve docker-init version" 
time="2019-02-03T10:18:55.470918829Z" level=error msg="Handler for GET /v1.22/networks/elastic-docker_docker_elastic returned error: network elastic-docker_docker_elastic not found" 
time="2019-02-03T10:18:55.803945746Z" level=warning msg="Failed to allocate and map port 5601-5601: Bind for 0.0.0.0:5601 failed: port is already allocated" 
time="2019-02-03T10:18:55.876899346Z" level=error msg="Handler for POST /v1.22/containers/14e4b7873153316ab6971014b4f58c46867c8a787df5527ab0d4896f01ced427/start returned error: driver failed programming external connectivity on endpoint elastic-docker_kibana_1 (8ca2c23745be143d25eb889e7fdcb887e76a457272df48e054d2068e0f533fd3): Bind for 0.0.0.0:5601 failed: port is already allocated" 
time="2019-02-03T10:18:55.926463203Z" level=warning msg="Failed to allocate and map port 9200-9200: Bind for 0.0.0.0:9200 failed: port is already allocated" 
time="2019-02-03T10:18:55.988924479Z" level=error msg="Handler for POST /v1.22/containers/75726c88e9e3dc3f86ef2a26fb53a71b7ff03b0b5af05f24aabd7c1d8c1f142f/start returned error: driver failed programming external connectivity on endpoint elastic-docker_elasticsearch_1 (c33b25ffe91488ba10e6860814deedf8ee0075bc52f63551252b535ced73b6c2): Bind for 0.0.0.0:9200 failed: port is already allocated" 
time="2019-02-03T10:19:38.005635405Z" level=error msg="Handler for GET /v1.22/networks/elasticdocker_docker_elastic returned error: network elasticdocker_docker_elastic not found" 
time="2019-02-03T10:19:38.797824554Z" level=error msg="Handler for GET /v1.22/networks/elasticdocker_docker_elastic returned error: network elasticdocker_docker_elastic not found" 
time="2019-02-03T10:19:38.805172710Z" level=warning msg="failed to retrieve docker-runc version: exec: \"docker-runc\": executable file not found in $PATH" 
time="2019-02-03T10:19:38.805233711Z" level=warning msg="failed to retrieve docker-init version" 
time="2019-02-03T10:19:38.809972775Z" level=error msg="Handler for GET /v1.22/networks/elastic-docker_docker_elastic returned error: network elastic-docker_docker_elastic not found" 
time="2019-02-03T10:19:39.118509301Z" level=warning msg="Failed to allocate and map port 5601-5601: Bind for 0.0.0.0:5601 failed: port is already allocated" 
time="2019-02-03T10:19:39.186720766Z" level=warning msg="Failed to allocate and map port 9200-9200: Bind for 0.0.0.0:9200 failed: port is already allocated" 
time="2019-02-03T10:19:39.435916631Z" level=error msg="Handler for POST /v1.22/containers/97ace4de02fb0713f40667dff6012e6749b980eb8d281b6e2314d7b61d75dd2d/start returned error: driver failed programming external connectivity on endpoint elastic-docker_kibana_1 (aa5926368baf978a85985050d781ab49dcc8d10401582e5038181684016c4cdb): Bind for 0.0.0.0:5601 failed: port is already allocated" 
time="2019-02-03T10:19:39.448914501Z" level=error msg="Handler for POST /v1.22/containers/55accd4b9665b16918da188889af2844e6767a2554b1d2140415cbab3108b353/start returned error: driver failed programming external connectivity on endpoint elastic-docker_elasticsearch_1 (7837dec6c603a9a5291cdabaeb33a68bda94e15a556789e354e957c97bfac690): Bind for 0.0.0.0:9200 failed: port is already allocated" 
time="2019-02-03T10:23:35.387796643Z" level=info msg="Processing signal 'terminated'" 
time="2019-02-03T10:23:35.387813783Z" level=info msg="Processing signal 'terminated'" 
time="2019-02-03T10:23:35.387948678Z" level=info msg="Got signal to reload configuration, reloading from: /etc/docker/daemon.json" 
time="2019-02-03T10:23:35.38791788Z" level=info msg="stopping containerd after receiving terminated" 
time="2019-02-03T10:23:35.388931037Z" level=error msg="libcontainerd: failed to receive event from containerd: rpc error: code = 13 desc = transport is closing" 
time="2019-02-03T10:23:35.391889489Z" level=warning msg="failed to retrieve containerd version: rpc error: code = 14 desc = grpc: the connection is unavailable" 
time="2019-02-03T10:23:35.391960273Z" level=warning msg="failed to retrieve docker-runc version: exec: \"docker-runc\": executable file not found in $PATH" 
time="2019-02-03T10:23:35.391997107Z" level=warning msg="failed to retrieve docker-init version" 
time="2019-02-03T10:23:35.392052483Z" level=info msg="Got signal to reload configuration, reloading from: /etc/docker/daemon.json" 
time="2019-02-03T10:23:35.394491072Z" level=warning msg="failed to retrieve containerd version: rpc error: code = 14 desc = grpc: the connection is unavailable" 
time="2019-02-03T10:23:35.394549231Z" level=warning msg="failed to retrieve docker-runc version: exec: \"docker-runc\": executable file not found in $PATH" 
time="2019-02-03T10:23:35.394581309Z" level=warning msg="failed to retrieve docker-init version" 
